<?xml version="1.0" encoding="UTF-8"?>
<testng-results ignored="0" total="1" passed="1" failed="0" skipped="0">
  <reporter-output>
  </reporter-output>
  <suite started-at="2022-08-26T14:27:18 IST" name="Default suite" finished-at="2022-08-26T14:27:34 IST" duration-ms="16098">
    <groups>
    </groups>
    <test started-at="2022-08-26T14:27:18 IST" name="Default test" finished-at="2022-08-26T14:27:34 IST" duration-ms="16098">
      <class name="test.PimTest">
        <test-method is-config="true" signature="launchBrowser()[pri:0, instance:test.PimTest@123ef382]" started-at="2022-08-26T14:27:18 IST" name="launchBrowser" finished-at="2022-08-26T14:27:30 IST" duration-ms="12126" status="PASS">
          <reporter-output>
          </reporter-output>
        </test-method> <!-- launchBrowser -->
        <test-method is-config="true" signature="pageObjects()[pri:0, instance:test.PimTest@123ef382]" started-at="2022-08-26T14:27:30 IST" name="pageObjects" finished-at="2022-08-26T14:27:30 IST" duration-ms="46" status="PASS">
          <reporter-output>
          </reporter-output>
        </test-method> <!-- pageObjects -->
        <test-method is-config="true" signature="login()[pri:0, instance:test.PimTest@123ef382]" started-at="2022-08-26T14:27:30 IST" name="login" finished-at="2022-08-26T14:27:31 IST" duration-ms="724" status="PASS">
          <reporter-output>
          </reporter-output>
        </test-method> <!-- login -->
        <test-method signature="verifychecklist()[pri:4, instance:test.PimTest@123ef382]" started-at="2022-08-26T14:27:31 IST" name="verifychecklist" finished-at="2022-08-26T14:27:34 IST" duration-ms="3156" status="PASS">
          <reporter-output>
          </reporter-output>
        </test-method> <!-- verifychecklist -->
      </class> <!-- test.PimTest -->
    </test> <!-- Default test -->
  </suite> <!-- Default suite -->
</testng-results>
