<?xml version="1.0" encoding="UTF-8"?>
<!-- Generated by org.testng.reporters.JUnitXMLReporter -->
<testsuite ignored="0" hostname="DESKTOP-91T073M" failures="0" tests="3" name="Default test" time="42.347" errors="0" timestamp="2022-08-26T23:02:28 IST">
  <testcase classname="test.LoginTest" name="verifycurrentUrl" time="0.052"/>
  <testcase classname="test.LoginTest" name="verifytitleLoginPage" time="7.955"/>
  <testcase classname="test.LoginTest" name="verifyLogin" time="6.226"/>
</testsuite> <!-- Default test -->
