<?xml version="1.0" encoding="UTF-8"?>
<testng-results ignored="0" total="3" passed="3" failed="0" skipped="0">
  <reporter-output>
  </reporter-output>
  <suite started-at="2022-08-26T23:01:45 IST" name="Default suite" finished-at="2022-08-26T23:02:28 IST" duration-ms="42347">
    <groups>
    </groups>
    <test started-at="2022-08-26T23:01:45 IST" name="Default test" finished-at="2022-08-26T23:02:28 IST" duration-ms="42347">
      <class name="test.LoginTest">
        <test-method is-config="true" signature="launchBrowser()[pri:0, instance:test.LoginTest@63021689]" started-at="2022-08-26T23:01:45 IST" name="launchBrowser" finished-at="2022-08-26T23:02:12 IST" duration-ms="26161" status="PASS">
          <reporter-output>
          </reporter-output>
        </test-method> <!-- launchBrowser -->
        <test-method is-config="true" signature="pageObjects()[pri:0, instance:test.LoginTest@63021689]" started-at="2022-08-26T23:02:12 IST" name="pageObjects" finished-at="2022-08-26T23:02:12 IST" duration-ms="136" status="PASS">
          <reporter-output>
          </reporter-output>
        </test-method> <!-- pageObjects -->
        <test-method signature="verifycurrentUrl()[pri:0, instance:test.LoginTest@63021689]" started-at="2022-08-26T23:02:12 IST" name="verifycurrentUrl" finished-at="2022-08-26T23:02:12 IST" duration-ms="52" status="PASS">
          <reporter-output>
          </reporter-output>
        </test-method> <!-- verifycurrentUrl -->
        <test-method signature="verifytitleLoginPage()[pri:1, instance:test.LoginTest@63021689]" started-at="2022-08-26T23:02:12 IST" name="verifytitleLoginPage" finished-at="2022-08-26T23:02:20 IST" duration-ms="7955" status="PASS">
          <reporter-output>
          </reporter-output>
        </test-method> <!-- verifytitleLoginPage -->
        <test-method signature="verifyLogin()[pri:2, instance:test.LoginTest@63021689]" started-at="2022-08-26T23:02:20 IST" name="verifyLogin" finished-at="2022-08-26T23:02:26 IST" duration-ms="6226" status="PASS">
          <reporter-output>
          </reporter-output>
        </test-method> <!-- verifyLogin -->
        <test-method is-config="true" signature="tearDownEnvirnment()[pri:0, instance:test.LoginTest@63021689]" started-at="2022-08-26T23:02:26 IST" name="tearDownEnvirnment" finished-at="2022-08-26T23:02:28 IST" duration-ms="1776" status="PASS">
          <reporter-output>
          </reporter-output>
        </test-method> <!-- tearDownEnvirnment -->
      </class> <!-- test.LoginTest -->
    </test> <!-- Default test -->
  </suite> <!-- Default suite -->
</testng-results>
